SF:lib/data/models/movie_model.dart
DA:5,4
DA:35,4
DA:36,2
DA:37,2
DA:38,8
DA:39,2
DA:40,2
DA:41,2
DA:42,4
DA:43,2
DA:44,2
DA:45,2
DA:46,2
DA:47,4
DA:48,2
DA:51,2
DA:52,1
DA:53,1
DA:54,4
DA:55,1
DA:56,1
DA:57,1
DA:58,1
DA:59,1
DA:60,1
DA:61,1
DA:62,1
DA:63,1
DA:64,1
DA:67,2
DA:68,2
DA:69,2
DA:70,2
DA:71,2
DA:72,2
DA:73,2
DA:74,2
DA:75,2
DA:76,2
DA:77,2
DA:78,2
DA:79,2
DA:80,2
DA:81,2
DA:85,2
DA:86,2
DA:87,2
DA:88,2
DA:89,2
DA:90,2
DA:91,2
DA:92,2
DA:93,2
DA:94,2
DA:95,2
DA:96,2
DA:97,2
DA:98,2
DA:99,2
LF:59
LH:59
end_of_record
SF:lib/domain/entities/movie.dart
DA:6,10
DA:22,2
DA:43,8
DA:44,8
DA:45,8
DA:46,8
DA:47,8
DA:48,8
DA:49,8
DA:50,8
DA:51,8
DA:52,8
DA:53,8
DA:54,8
DA:55,8
DA:56,8
DA:57,8
LF:17
LH:17
end_of_record
SF:lib/data/datasources/watchlist_local_data_source.dart
DA:16,1
DA:19,1
DA:21,3
DA:24,2
DA:29,1
DA:31,3
DA:34,2
DA:39,1
DA:40,3
DA:42,1
DA:49,1
DA:50,3
DA:51,4
DA:55,1
DA:56,3
DA:57,4
LF:16
LH:16
end_of_record
SF:lib/utils/exception.dart
DA:6,3
LF:1
LH:1
end_of_record
SF:lib/data/models/watchlist_table.dart
DA:14,3
DA:22,2
DA:23,1
DA:24,1
DA:25,1
DA:26,1
DA:30,2
DA:31,1
DA:32,1
DA:33,1
DA:34,1
DA:38,2
DA:39,1
DA:40,1
DA:41,1
DA:42,1
DA:43,1
DA:46,2
DA:47,1
DA:48,1
DA:49,1
DA:50,1
DA:51,1
DA:54,2
DA:55,1
DA:56,1
DA:57,1
DA:58,1
DA:61,2
DA:62,1
DA:63,1
DA:64,1
DA:65,1
DA:68,3
DA:69,15
LF:35
LH:35
end_of_record
SF:lib/domain/entities/genre.dart
DA:4,12
DA:12,4
DA:13,12
LF:3
LH:3
end_of_record
SF:lib/domain/entities/movie_detail.dart
DA:5,6
DA:33,2
DA:34,2
DA:35,2
DA:36,2
DA:37,2
DA:38,2
DA:39,2
DA:40,2
DA:41,2
DA:42,2
DA:43,2
DA:44,2
DA:45,2
LF:14
LH:14
end_of_record
SF:lib/domain/entities/season.dart
DA:4,6
DA:22,2
DA:23,2
DA:24,2
DA:25,2
DA:26,2
DA:27,2
DA:28,2
DA:29,2
DA:30,2
LF:10
LH:10
end_of_record
SF:lib/domain/entities/tv.dart
DA:6,10
DA:36,2
DA:43,8
DA:44,8
DA:45,8
DA:46,8
DA:47,8
DA:48,8
DA:49,8
DA:50,8
DA:51,8
DA:52,8
DA:53,8
DA:54,8
DA:55,8
DA:56,8
DA:57,8
LF:17
LH:17
end_of_record
SF:lib/domain/entities/tv_detail.dart
DA:6,6
DA:58,2
DA:59,2
DA:60,2
DA:61,2
DA:62,2
DA:63,2
DA:64,2
DA:65,2
DA:66,2
DA:67,2
DA:68,2
DA:69,2
DA:70,2
DA:71,2
DA:72,2
DA:73,2
DA:74,2
DA:75,2
DA:76,2
DA:77,2
DA:78,2
DA:79,2
DA:80,2
DA:81,2
DA:82,2
DA:83,2
LF:27
LH:27
end_of_record
SF:lib/data/datasources/db/database_helper.dart
DA:9,0
DA:13,0
DA:17,0
DA:19,0
DA:26,0
DA:27,0
DA:28,0
DA:30,0
DA:33,0
DA:34,0
DA:39,0
DA:40,0
DA:48,0
DA:51,0
DA:52,0
DA:53,0
DA:56,0
DA:57,0
DA:58,0
DA:61,0
DA:65,0
DA:66,0
DA:67,0
DA:70,0
DA:73,0
DA:74,0
DA:80,0
DA:81,0
DA:82,0
DA:90,0
DA:91,0
DA:93,0
LF:32
LH:0
end_of_record
SF:lib/data/datasources/movie_remote_data_source.dart
DA:22,1
DA:25,1
DA:26,5
DA:28,2
DA:29,4
DA:31,1
DA:36,1
DA:37,5
DA:39,2
DA:40,3
DA:42,1
DA:47,1
DA:48,5
DA:50,2
DA:51,4
DA:53,1
DA:58,1
DA:59,5
DA:61,2
DA:62,4
DA:64,1
DA:69,1
DA:70,5
DA:72,2
DA:73,4
DA:75,1
DA:80,1
DA:81,5
DA:83,2
DA:84,4
DA:86,1
LF:31
LH:31
end_of_record
SF:lib/data/datasources/tv_remote_data_source.dart
DA:24,1
DA:27,1
DA:28,5
DA:29,2
DA:30,4
DA:32,1
DA:37,1
DA:38,5
DA:39,2
DA:40,3
DA:42,1
DA:47,1
DA:48,5
DA:49,2
DA:50,4
DA:52,1
DA:57,1
DA:58,5
DA:59,2
DA:60,4
DA:62,1
DA:67,1
DA:68,5
DA:69,2
DA:70,4
DA:72,1
DA:77,1
DA:78,5
DA:79,2
DA:80,4
DA:82,1
DA:87,1
DA:88,5
DA:89,2
DA:90,3
DA:92,1
LF:36
LH:36
end_of_record
SF:lib/data/models/movie_detail_model.dart
DA:6,2
DA:52,4
DA:53,2
DA:54,2
DA:55,2
DA:56,10
DA:57,2
DA:58,2
DA:59,2
DA:60,2
DA:61,2
DA:62,2
DA:63,4
DA:64,2
DA:65,2
DA:66,2
DA:67,2
DA:68,2
DA:69,2
DA:70,2
DA:71,2
DA:72,4
DA:73,2
DA:76,2
DA:77,1
DA:78,1
DA:79,1
DA:80,5
DA:81,1
DA:82,1
DA:83,1
DA:84,1
DA:85,1
DA:86,1
DA:87,1
DA:88,1
DA:89,1
DA:90,1
DA:91,1
DA:92,1
DA:93,1
DA:94,1
DA:95,1
DA:96,1
DA:97,1
DA:100,1
DA:101,1
DA:102,1
DA:103,1
DA:104,5
DA:105,1
DA:106,1
DA:107,1
DA:108,1
DA:109,1
DA:110,1
DA:111,1
DA:112,1
DA:113,1
DA:117,1
DA:118,1
DA:119,1
DA:120,1
DA:121,1
DA:122,1
DA:123,1
DA:124,1
DA:125,1
DA:126,1
DA:127,1
DA:128,1
DA:129,1
DA:130,1
DA:131,1
DA:132,1
DA:133,1
DA:134,1
DA:135,1
DA:136,1
DA:137,1
DA:138,1
DA:139,1
LF:82
LH:82
end_of_record
SF:lib/data/models/tv/season_detail_model.dart
DA:6,5
DA:24,4
DA:25,2
DA:26,12
DA:27,2
DA:28,2
DA:29,2
DA:30,2
DA:31,2
DA:34,2
DA:35,1
DA:36,5
DA:37,1
DA:38,1
DA:39,1
DA:40,1
DA:41,1
DA:44,8
DA:45,4
DA:46,20
DA:47,4
DA:48,4
DA:49,4
DA:50,4
DA:51,4
DA:54,1
DA:55,1
DA:56,1
DA:57,1
DA:58,1
DA:59,1
DA:60,1
DA:61,1
DA:62,1
LF:34
LH:34
end_of_record
SF:lib/data/models/tv/tv_detail_model.dart
DA:7,2
DA:59,4
DA:60,2
DA:61,4
DA:62,2
DA:63,12
DA:64,2
DA:65,2
DA:66,2
DA:67,4
DA:68,2
DA:69,2
DA:70,2
DA:71,2
DA:72,4
DA:73,2
DA:74,2
DA:75,2
DA:76,2
DA:77,2
DA:78,12
DA:79,2
DA:80,2
DA:81,2
DA:82,2
DA:83,2
DA:86,2
DA:87,1
DA:88,1
DA:89,1
DA:90,5
DA:91,1
DA:92,1
DA:93,1
DA:94,1
DA:95,1
DA:96,1
DA:97,1
DA:98,1
DA:99,1
DA:100,1
DA:101,1
DA:102,1
DA:103,1
DA:104,1
DA:105,5
DA:106,1
DA:107,1
DA:108,1
DA:109,1
DA:110,1
DA:113,2
DA:114,1
DA:115,1
DA:116,1
DA:117,5
DA:118,1
DA:119,1
DA:120,1
DA:121,1
DA:122,1
DA:123,1
DA:124,1
DA:125,1
DA:126,1
DA:127,1
DA:128,1
DA:129,1
DA:130,1
DA:131,1
DA:132,5
DA:133,1
DA:134,1
DA:135,1
DA:136,1
DA:137,1
DA:140,1
DA:141,1
DA:142,1
DA:143,1
DA:144,1
DA:145,1
DA:146,1
DA:147,1
DA:148,1
DA:149,1
DA:150,1
DA:151,1
DA:152,1
DA:153,1
DA:154,1
DA:155,1
DA:156,1
DA:157,1
DA:158,1
DA:159,1
DA:160,1
DA:161,1
DA:162,1
DA:163,1
DA:164,1
DA:165,1
LF:102
LH:102
end_of_record
SF:lib/data/models/tv/tv_model.dart
DA:5,4
DA:35,4
DA:36,2
DA:37,2
DA:38,8
DA:39,2
DA:40,2
DA:41,8
DA:42,2
DA:43,2
DA:44,2
DA:45,4
DA:46,2
DA:47,2
DA:48,2
DA:51,2
DA:52,1
DA:53,1
DA:54,1
DA:55,1
DA:56,1
DA:57,1
DA:58,1
DA:59,1
DA:60,1
DA:61,1
DA:62,1
DA:63,1
DA:64,1
DA:67,4
DA:68,2
DA:69,2
DA:70,2
DA:71,2
DA:72,2
DA:73,2
DA:74,2
DA:75,2
DA:76,2
DA:77,2
DA:78,2
DA:79,2
DA:80,2
DA:83,2
DA:84,2
DA:85,2
DA:86,2
DA:87,2
DA:88,2
DA:89,2
DA:90,2
DA:91,2
DA:92,2
DA:93,2
DA:94,2
DA:95,2
DA:96,2
DA:97,2
LF:58
LH:58
end_of_record
SF:lib/domain/entities/season_detail.dart
DA:5,4
DA:23,3
DA:24,3
DA:25,3
DA:26,3
DA:27,3
DA:28,3
DA:29,3
DA:30,3
DA:31,3
LF:10
LH:10
end_of_record
SF:lib/utils/failure.dart
DA:6,15
DA:8,2
DA:9,4
DA:13,30
DA:17,4
DA:21,8
LF:6
LH:6
end_of_record
SF:lib/utils/ssl_pinning.dart
DA:8,0
DA:9,0
DA:10,0
DA:11,0
DA:15,0
DA:16,0
DA:17,0
DA:18,0
DA:19,0
LF:9
LH:0
end_of_record
SF:lib/data/models/movie_response.dart
DA:7,2
DA:9,4
DA:10,4
DA:11,6
DA:12,6
DA:15,2
DA:16,5
DA:19,1
DA:20,2
LF:9
LH:9
end_of_record
SF:lib/data/datasources/db/encrypt.dart
DA:3,0
DA:4,0
DA:5,0
DA:7,0
DA:9,0
DA:11,0
LF:6
LH:0
end_of_record
SF:lib/data/models/tv/tv_response.dart
DA:7,2
DA:9,4
DA:10,2
DA:11,14
DA:15,2
DA:16,5
DA:19,1
DA:20,2
LF:8
LH:8
end_of_record
SF:lib/data/models/genre_model.dart
DA:5,4
DA:13,8
DA:14,4
DA:15,4
DA:18,4
DA:19,2
DA:20,2
DA:23,2
DA:24,6
DA:27,2
DA:28,6
LF:11
LH:11
end_of_record
SF:lib/data/models/tv/episode_model.dart
DA:5,5
DA:29,4
DA:30,2
DA:31,2
DA:32,2
DA:33,2
DA:34,2
DA:35,2
DA:36,2
DA:37,2
DA:38,2
DA:39,2
DA:42,2
DA:43,1
DA:44,1
DA:45,1
DA:46,1
DA:47,1
DA:48,1
DA:49,1
DA:50,1
DA:51,1
DA:52,1
DA:55,8
DA:56,4
DA:57,4
DA:58,4
DA:59,4
DA:60,4
DA:61,4
DA:62,4
DA:63,4
DA:64,4
DA:65,4
DA:68,1
DA:69,1
DA:70,1
DA:71,1
DA:72,1
DA:73,1
DA:74,1
DA:75,1
DA:76,1
DA:77,1
DA:78,1
DA:79,1
LF:46
LH:46
end_of_record
SF:lib/domain/entities/episode.dart
DA:4,4
DA:28,3
DA:29,3
DA:30,3
DA:31,3
DA:32,3
DA:33,3
DA:34,3
DA:35,3
DA:36,3
DA:37,3
DA:38,3
DA:39,3
LF:13
LH:13
end_of_record
SF:lib/data/models/tv/season_model.dart
DA:5,2
DA:23,4
DA:24,2
DA:25,2
DA:26,2
DA:27,2
DA:28,2
DA:29,2
DA:30,2
DA:33,2
DA:34,1
DA:35,1
DA:36,1
DA:37,1
DA:38,1
DA:39,1
DA:40,1
DA:43,1
DA:44,1
DA:45,1
DA:46,1
DA:47,1
DA:48,1
DA:49,1
DA:50,1
DA:51,1
DA:55,1
DA:56,1
DA:57,1
DA:58,1
DA:59,1
DA:60,1
DA:61,1
DA:62,1
DA:63,1
LF:35
LH:35
end_of_record
SF:lib/data/repositories/movie_repository_impl.dart
DA:17,1
DA:23,1
DA:25,3
DA:26,5
DA:27,1
DA:28,2
DA:29,1
DA:30,2
DA:35,1
DA:37,3
DA:38,2
DA:39,1
DA:40,2
DA:41,1
DA:42,2
DA:47,1
DA:49,3
DA:50,3
DA:51,1
DA:52,2
DA:53,1
DA:54,2
DA:59,1
DA:61,3
DA:62,5
DA:63,1
DA:64,2
DA:65,1
DA:66,2
DA:71,1
DA:73,3
DA:74,5
DA:75,1
DA:76,2
DA:77,1
DA:78,2
DA:83,1
DA:85,3
DA:86,5
DA:87,1
DA:88,2
DA:89,1
DA:90,2
DA:95,1
DA:97,4
DA:98,1
DA:99,1
DA:100,3
DA:107,1
DA:109,4
DA:110,1
DA:111,1
DA:112,3
DA:117,1
DA:118,3
DA:123,1
DA:124,3
DA:125,5
LF:58
LH:58
end_of_record
SF:lib/data/repositories/tv_repository_impl.dart
DA:18,1
DA:24,1
DA:26,3
DA:27,5
DA:28,1
DA:29,2
DA:30,1
DA:31,2
DA:36,1
DA:38,3
DA:39,2
DA:40,1
DA:41,2
DA:42,1
DA:43,2
DA:48,1
DA:50,3
DA:51,3
DA:52,1
DA:53,2
DA:54,1
DA:55,2
DA:60,1
DA:62,3
DA:63,5
DA:64,1
DA:65,2
DA:66,1
DA:67,2
DA:72,1
DA:74,3
DA:75,5
DA:76,1
DA:77,2
DA:78,1
DA:79,2
DA:84,1
DA:86,3
DA:87,5
DA:88,1
DA:89,2
DA:90,1
DA:91,2
DA:96,1
DA:98,4
DA:99,1
DA:100,1
DA:101,3
DA:108,1
DA:110,4
DA:111,1
DA:112,1
DA:113,3
DA:118,1
DA:119,3
DA:124,1
DA:125,3
DA:126,5
DA:130,1
DA:135,3
DA:136,2
DA:137,1
DA:138,2
DA:139,1
DA:140,2
LF:65
LH:65
end_of_record
SF:lib/domain/usecases/movie/get_top_rated_movies.dart
DA:9,1
DA:11,1
DA:12,2
LF:3
LH:3
end_of_record
SF:lib/domain/usecases/movie/save_watchlist.dart
DA:9,1
DA:11,1
DA:12,2
LF:3
LH:3
end_of_record
SF:lib/domain/usecases/movie/get_movie_detail.dart
DA:9,1
DA:11,1
DA:12,2
LF:3
LH:3
end_of_record
SF:lib/domain/usecases/movie/get_movie_recommendations.dart
DA:9,1
DA:11,1
DA:12,2
LF:3
LH:3
end_of_record
SF:lib/domain/usecases/movie/get_watchlist_movies.dart
DA:9,1
DA:11,1
DA:12,2
LF:3
LH:3
end_of_record
SF:lib/domain/usecases/movie/get_now_playing_movies.dart
DA:9,1
DA:11,1
DA:12,2
LF:3
LH:3
end_of_record
SF:lib/domain/usecases/movie/remove_watchlist.dart
DA:9,1
DA:11,1
DA:12,2
LF:3
LH:3
end_of_record
SF:lib/domain/usecases/movie/get_popular_movies.dart
DA:9,1
DA:11,1
DA:12,2
LF:3
LH:3
end_of_record
SF:lib/domain/usecases/movie/search_movies.dart
DA:9,1
DA:11,1
DA:12,2
LF:3
LH:3
end_of_record
SF:lib/domain/usecases/movie/get_watchlist_status.dart
DA:6,1
DA:8,1
DA:9,2
LF:3
LH:3
end_of_record
SF:lib/domain/usecases/tv/get_now_playing_tvs.dart
DA:9,1
DA:11,1
DA:12,2
LF:3
LH:3
end_of_record
SF:lib/domain/usecases/tv/get_popular_tvs.dart
DA:9,1
DA:11,1
DA:12,2
LF:3
LH:3
end_of_record
SF:lib/domain/usecases/tv/get_top_rated_tvs.dart
DA:9,1
DA:11,1
DA:12,2
LF:3
LH:3
end_of_record
SF:lib/domain/usecases/tv/get_tv_season_detail.dart
DA:9,1
DA:11,1
DA:12,2
LF:3
LH:3
end_of_record
SF:lib/domain/usecases/tv/get_tv_detail.dart
DA:9,1
DA:11,1
DA:12,2
LF:3
LH:3
end_of_record
SF:lib/domain/usecases/tv/get_tv_recommendations.dart
DA:9,1
DA:11,1
DA:12,2
LF:3
LH:3
end_of_record
SF:lib/domain/usecases/tv/get_tv_watchlist_status.dart
DA:6,1
DA:8,1
DA:9,2
LF:3
LH:3
end_of_record
SF:lib/domain/usecases/tv/remove_tv_watchlist.dart
DA:9,1
DA:11,1
DA:12,2
LF:3
LH:3
end_of_record
SF:lib/domain/usecases/tv/save_tv_watchlist.dart
DA:9,1
DA:11,1
DA:12,2
LF:3
LH:3
end_of_record
SF:lib/presentation/bloc/tv/tv_detail/tv_detail_event.dart
DA:5,2
DA:7,0
DA:8,0
DA:14,2
DA:16,0
DA:17,0
DA:23,2
DA:25,0
DA:26,0
DA:32,1
DA:34,0
DA:35,0
LF:12
LH:4
end_of_record
SF:lib/presentation/bloc/tv/tv_detail/tv_detail_state.dart
DA:3,15
DA:6,3
DA:20,1
DA:21,1
DA:24,1
DA:31,1
DA:32,0
DA:33,1
DA:34,1
DA:35,1
DA:36,1
DA:40,1
DA:41,1
DA:42,1
DA:43,1
DA:44,1
DA:45,1
DA:46,1
LF:18
LH:17
end_of_record
SF:lib/presentation/bloc/tv/tv_detail/tv_detail_bloc.dart
DA:25,1
DA:31,2
DA:32,2
DA:33,2
DA:34,2
DA:37,1
DA:38,3
DA:40,4
DA:41,4
DA:42,3
DA:43,1
DA:44,1
DA:45,3
DA:47,1
DA:50,1
DA:51,3
DA:55,1
DA:56,0
DA:57,0
DA:59,0
DA:62,1
DA:63,3
DA:74,1
DA:75,4
DA:76,4
DA:78,2
DA:79,1
DA:80,4
DA:82,1
DA:83,3
DA:88,1
DA:89,4
DA:90,4
DA:92,2
DA:93,1
DA:94,4
DA:96,1
DA:97,3
DA:102,1
DA:103,3
LF:40
LH:37
end_of_record
SF:lib/styles/text_styles.dart
DA:5,9
DA:6,21
DA:7,6
DA:8,3
DA:11,3
DA:12,1
DA:13,1
DA:14,1
DA:15,1
LF:9
LH:9
end_of_record
SF:lib/utils/bloc_observer.dart
DA:4,0
DA:6,0
DA:7,0
DA:10,0
DA:12,0
DA:13,0
DA:16,0
DA:18,0
DA:19,0
DA:22,0
DA:24,0
DA:25,0
DA:28,0
DA:30,0
DA:31,0
DA:34,0
DA:36,0
DA:37,0
LF:18
LH:0
end_of_record
SF:lib/utils/state_enum.dart
DA:1,17
LF:1
LH:1
end_of_record
SF:lib/domain/usecases/tv/search_tvs.dart
DA:9,1
DA:11,1
DA:12,2
LF:3
LH:3
end_of_record
SF:lib/presentation/bloc/tv/tv_search/tv_search_state.dart
DA:5,1
DA:7,1
DA:8,1
DA:20,1
DA:22,1
DA:23,2
DA:29,1
DA:31,1
DA:32,2
LF:9
LH:9
end_of_record
SF:lib/presentation/bloc/tv/tv_search/tv_search_event.dart
DA:5,1
DA:7,0
DA:8,0
DA:14,1
DA:16,0
DA:17,0
LF:6
LH:2
end_of_record
SF:lib/presentation/bloc/tv/tv_search/tv_search_bloc.dart
DA:14,3
DA:15,1
DA:16,1
DA:17,1
DA:21,1
DA:22,1
DA:23,2
DA:25,3
DA:27,1
DA:28,1
DA:29,3
DA:31,1
DA:32,1
DA:33,2
DA:35,2
DA:44,1
DA:49,2
DA:50,1
LF:18
LH:18
end_of_record
SF:lib/presentation/bloc/tv/tv_season_detail/tv_season_detail_state.dart
DA:5,2
DA:7,1
DA:8,1
DA:18,2
DA:20,1
DA:21,2
DA:27,2
DA:29,1
DA:30,2
LF:9
LH:9
end_of_record
SF:lib/presentation/bloc/tv/tv_season_detail/tv_season_detail_cubit.dart
DA:11,3
DA:13,1
DA:14,2
DA:16,3
DA:18,1
DA:19,1
DA:20,3
DA:22,1
DA:23,2
LF:9
LH:9
end_of_record
SF:lib/presentation/pages/tv/tv_detail_page.dart
DA:18,1
DA:20,1
DA:21,1
DA:25,1
DA:27,1
DA:28,6
DA:31,1
DA:33,1
DA:34,1
DA:35,1
DA:36,4
DA:37,1
DA:38,1
DA:40,2
DA:41,2
DA:42,2
DA:43,1
DA:44,1
DA:45,1
DA:47,1
DA:48,1
DA:53,4
DA:66,1
DA:68,1
DA:70,3
DA:71,1
DA:72,1
DA:73,1
DA:74,3
DA:76,2
DA:77,1
DA:79,0
DA:81,1
DA:83,1
DA:84,1
DA:85,1
DA:86,1
DA:88,2
DA:95,1
DA:96,1
DA:97,1
DA:99,1
DA:101,1
DA:103,1
DA:104,1
DA:105,2
DA:106,1
DA:108,1
DA:109,1
DA:110,1
DA:111,4
DA:112,1
DA:113,3
DA:115,0
DA:116,0
DA:117,0
DA:120,1
DA:122,1
DA:123,3
DA:124,1
DA:128,1
DA:129,3
DA:131,1
DA:132,1
DA:133,1
DA:134,1
DA:135,3
DA:137,2
DA:143,4
DA:146,1
DA:147,1
DA:149,1
DA:151,1
DA:152,2
DA:154,1
DA:155,1
DA:157,1
DA:159,1
DA:160,1
DA:161,1
DA:163,1
DA:165,1
DA:170,1
DA:172,1
DA:185,1
DA:187,1
DA:190,1
DA:191,1
DA:192,0
DA:193,0
DA:202,1
DA:203,1
DA:205,1
DA:207,1
DA:208,3
DA:209,1
DA:211,1
DA:212,0
DA:213,0
DA:216,0
DA:217,0
DA:218,0
DA:222,1
DA:223,1
DA:224,1
DA:226,1
DA:227,1
DA:228,1
DA:229,1
DA:230,2
DA:231,2
DA:232,1
DA:234,0
DA:238,0
DA:242,0
DA:246,0
DA:248,1
DA:249,1
DA:250,1
DA:252,1
DA:255,1
DA:256,1
DA:259,1
DA:264,1
DA:268,1
DA:269,2
DA:271,1
DA:283,3
DA:288,1
DA:289,1
DA:291,1
DA:293,0
DA:294,0
DA:295,0
DA:297,0
DA:298,0
DA:299,0
DA:302,0
DA:305,0
DA:306,0
DA:307,0
DA:309,0
DA:310,0
DA:311,0
DA:312,0
DA:314,0
DA:320,2
DA:325,1
DA:327,2
DA:328,3
DA:331,1
DA:335,3
LF:152
LH:122
end_of_record
SF:lib/presentation/pages/tv/tv_season_detail_page.dart
DA:16,1
DA:21,1
DA:22,1
DA:26,1
DA:28,1
DA:29,7
DA:32,1
DA:34,1
DA:35,1
DA:36,1
DA:37,1
DA:38,1
DA:39,1
DA:40,1
DA:42,1
DA:43,1
DA:44,1
DA:45,1
DA:46,1
DA:47,1
DA:48,2
DA:51,0
DA:61,1
DA:64,1
DA:68,1
DA:70,3
DA:72,1
DA:73,1
DA:74,2
DA:75,1
DA:76,3
DA:78,2
DA:79,1
DA:81,0
DA:84,0
DA:85,1
DA:87,1
DA:88,1
DA:89,1
DA:90,1
DA:92,2
DA:99,1
DA:100,1
DA:101,1
DA:103,1
DA:105,1
DA:107,1
DA:108,1
DA:109,2
DA:110,1
DA:112,1
DA:113,1
DA:114,3
DA:116,1
DA:117,1
DA:118,3
DA:119,1
DA:126,1
DA:128,1
DA:141,1
DA:143,1
DA:146,1
DA:147,1
DA:148,0
DA:149,0
LF:65
LH:60
end_of_record
SF:lib/presentation/widgets/episode_card_list.dart
DA:10,1
DA:12,1
DA:14,1
DA:17,1
DA:18,2
DA:19,1
DA:20,1
DA:21,3
DA:23,2
DA:27,1
DA:29,1
DA:31,1
DA:33,1
DA:34,1
DA:35,2
DA:38,1
DA:40,1
DA:41,1
DA:42,1
DA:43,5
DA:45,2
DA:51,4
DA:54,1
DA:55,1
DA:56,2
DA:60,1
DA:61,1
DA:63,1
DA:64,3
DA:67,1
LF:30
LH:30
end_of_record
SF:lib/domain/usecases/tv/get_tvs_watchlist.dart
DA:9,1
DA:11,1
DA:12,2
LF:3
LH:3
end_of_record
SF:lib/presentation/bloc/movie/top_rated_movies/top_rated_movies_cubit.dart
DA:11,3
DA:13,1
DA:14,2
DA:15,3
DA:17,1
DA:18,4
DA:19,3
LF:7
LH:7
end_of_record
SF:lib/presentation/bloc/movie/top_rated_movies/top_rated_movies_state.dart
DA:5,2
DA:7,1
DA:8,1
DA:18,2
DA:20,1
DA:21,2
DA:27,2
DA:29,1
DA:30,2
LF:9
LH:9
end_of_record
SF:lib/presentation/pages/movie/top_rated_movies_page.dart
DA:10,1
DA:11,1
DA:15,1
DA:17,1
DA:18,3
DA:21,1
DA:23,1
DA:24,1
DA:25,1
DA:27,1
DA:29,1
DA:30,1
DA:31,1
DA:32,1
DA:33,1
DA:35,1
DA:36,1
DA:37,1
DA:38,1
DA:39,1
DA:40,1
DA:42,1
DA:44,1
DA:45,1
DA:46,1
DA:47,2
DA:50,0
LF:27
LH:26
end_of_record
SF:lib/presentation/widgets/movie_card_list.dart
DA:11,2
DA:13,2
DA:15,2
DA:17,2
DA:18,0
DA:19,0
DA:22,0
DA:25,2
DA:27,2
DA:28,2
DA:29,2
DA:35,2
DA:37,2
DA:38,2
DA:39,4
DA:42,2
DA:44,2
DA:45,2
DA:46,4
DA:54,2
DA:59,2
DA:60,2
DA:61,6
DA:63,4
DA:64,2
DA:66,0
DA:68,4
LF:27
LH:23
end_of_record
SF:lib/presentation/bloc/movie/movie_detail/movie_detail_event.dart
DA:5,2
DA:7,0
DA:8,0
DA:14,2
DA:16,0
DA:17,0
DA:23,2
DA:25,0
DA:26,0
DA:32,1
DA:34,0
DA:35,0
LF:12
LH:4
end_of_record
SF:lib/presentation/bloc/movie/movie_detail/movie_detail_state.dart
DA:3,7
DA:6,3
DA:20,1
DA:21,1
DA:24,1
DA:31,1
DA:32,0
DA:33,1
DA:34,1
DA:35,1
DA:36,1
DA:40,2
DA:41,2
DA:42,2
DA:43,2
DA:44,2
DA:45,2
DA:46,2
LF:18
LH:17
end_of_record
SF:lib/presentation/bloc/movie/movie_detail/movie_detail_bloc.dart
DA:25,1
DA:31,2
DA:32,2
DA:33,2
DA:34,2
DA:37,1
DA:38,3
DA:40,4
DA:41,4
DA:42,3
DA:44,1
DA:45,1
DA:46,3
DA:48,1
DA:51,1
DA:52,3
DA:56,1
DA:57,0
DA:58,0
DA:60,0
DA:63,1
DA:64,3
DA:75,1
DA:76,4
DA:77,4
DA:79,2
DA:80,1
DA:81,3
DA:83,1
DA:87,1
DA:88,3
DA:97,1
DA:98,4
DA:99,4
DA:101,2
DA:102,1
DA:103,3
DA:105,1
DA:109,1
DA:110,3
DA:119,1
DA:120,3
LF:42
LH:39
end_of_record
SF:lib/presentation/pages/movie/movie_detail_page.dart
DA:17,1
DA:19,1
DA:20,1
DA:24,1
DA:26,1
DA:27,6
DA:30,1
DA:32,1
DA:33,1
DA:34,2
DA:35,1
DA:36,2
DA:37,1
DA:38,1
DA:40,2
DA:41,2
DA:42,2
DA:43,1
DA:44,1
DA:45,1
DA:47,1
DA:48,1
DA:52,2
DA:53,3
DA:55,0
DA:69,1
DA:71,1
DA:73,3
DA:74,1
DA:75,1
DA:76,1
DA:77,3
DA:79,2
DA:80,1
DA:82,0
DA:84,1
DA:86,1
DA:87,1
DA:88,1
DA:89,1
DA:91,2
DA:98,1
DA:99,1
DA:100,1
DA:102,1
DA:104,1
DA:106,1
DA:107,1
DA:108,2
DA:109,1
DA:111,1
DA:112,1
DA:113,1
DA:114,4
DA:115,2
DA:116,2
DA:118,0
DA:119,0
DA:120,0
DA:123,1
DA:125,1
DA:126,3
DA:127,1
DA:131,1
DA:132,3
DA:134,1
DA:135,3
DA:137,1
DA:138,1
DA:139,1
DA:140,3
DA:142,2
DA:148,4
DA:151,1
DA:152,1
DA:154,1
DA:156,1
DA:157,2
DA:159,1
DA:160,1
DA:162,1
DA:164,1
DA:166,1
DA:168,0
DA:169,0
DA:170,0
DA:172,0
DA:173,0
DA:174,0
DA:177,0
DA:180,0
DA:181,0
DA:182,0
DA:184,0
DA:185,0
DA:186,0
DA:187,0
DA:189,0
DA:195,2
DA:202,1
DA:204,1
DA:217,1
DA:219,1
DA:222,1
DA:223,1
DA:224,0
DA:225,0
DA:234,1
DA:236,2
DA:237,3
DA:240,1
DA:244,3
DA:247,1
DA:248,1
DA:249,1
DA:251,1
DA:252,1
DA:254,0
LF:118
LH:95
end_of_record
SF:lib/presentation/bloc/movie/popular_movies/popular_movies_state.dart
DA:5,2
DA:7,1
DA:8,1
DA:18,2
DA:20,1
DA:21,2
DA:27,2
DA:29,1
DA:30,2
LF:9
LH:9
end_of_record
SF:lib/presentation/bloc/movie/popular_movies/popular_movies_cubit.dart
DA:11,3
DA:13,1
DA:14,2
DA:15,3
DA:17,1
DA:18,4
DA:19,3
LF:7
LH:7
end_of_record
SF:lib/presentation/pages/movie/popular_movies_page.dart
DA:10,1
DA:11,1
DA:15,1
DA:17,1
DA:18,3
DA:21,1
DA:23,1
DA:24,1
DA:25,1
DA:27,1
DA:29,1
DA:30,1
DA:31,1
DA:32,1
DA:33,1
DA:35,1
DA:36,1
DA:37,1
DA:38,1
DA:39,1
DA:40,1
DA:42,1
DA:44,1
DA:45,1
DA:46,1
DA:47,2
DA:50,0
LF:27
LH:26
end_of_record
SF:lib/presentation/bloc/tv/popular_tvs/popular_tvs_state.dart
DA:5,2
DA:7,1
DA:8,1
DA:18,2
DA:20,1
DA:21,2
DA:27,2
DA:29,1
DA:30,2
LF:9
LH:9
end_of_record
SF:lib/presentation/bloc/tv/popular_tvs/popular_tvs_cubit.dart
DA:11,3
DA:13,1
DA:14,2
DA:15,3
DA:17,1
DA:18,4
DA:19,3
LF:7
LH:7
end_of_record
SF:lib/presentation/pages/tv/popular_tvs_page.dart
DA:10,1
DA:11,1
DA:15,1
DA:17,1
DA:18,3
DA:21,1
DA:23,1
DA:24,1
DA:25,1
DA:27,1
DA:29,1
DA:30,1
DA:31,1
DA:32,1
DA:33,1
DA:35,1
DA:36,1
DA:37,1
DA:38,1
DA:39,1
DA:40,1
DA:42,1
DA:44,1
DA:45,1
DA:46,1
DA:47,2
DA:50,0
LF:27
LH:26
end_of_record
SF:lib/presentation/widgets/tv_card_list.dart
DA:11,2
DA:13,2
DA:15,2
DA:17,2
DA:18,0
DA:19,0
DA:22,0
DA:25,2
DA:27,2
DA:28,2
DA:29,2
DA:35,2
DA:37,2
DA:38,2
DA:39,4
DA:42,2
DA:44,2
DA:45,2
DA:46,4
DA:54,2
DA:59,2
DA:60,2
DA:61,6
DA:63,4
DA:64,2
DA:66,0
DA:68,4
LF:27
LH:23
end_of_record
SF:lib/presentation/bloc/movie/wathclist_movie/watchlist_movies_state.dart
DA:5,1
DA:7,1
DA:8,1
DA:18,1
DA:20,1
DA:21,2
DA:27,1
DA:29,1
DA:30,2
LF:9
LH:9
end_of_record
SF:lib/presentation/bloc/movie/wathclist_movie/watchlist_movies_cubit.dart
DA:11,3
DA:13,1
DA:14,2
DA:16,3
DA:17,1
DA:18,1
DA:19,3
DA:21,1
DA:22,2
LF:9
LH:9
end_of_record
SF:lib/presentation/bloc/movie/now_playing_movie/now_playing_movie_state.dart
DA:5,1
DA:7,1
DA:8,1
DA:18,1
DA:20,1
DA:21,2
DA:27,1
DA:29,1
DA:30,2
LF:9
LH:9
end_of_record
SF:lib/presentation/bloc/movie/now_playing_movie/now_playing_movie_cubit.dart
DA:11,3
DA:13,1
DA:14,2
DA:16,3
DA:17,1
DA:18,4
DA:19,3
LF:7
LH:7
end_of_record
SF:lib/presentation/bloc/movie/movie_search/movie_search_state.dart
DA:5,1
DA:7,1
DA:8,1
DA:20,1
DA:22,1
DA:23,2
DA:29,1
DA:31,1
DA:32,2
LF:9
LH:9
end_of_record
SF:lib/presentation/bloc/movie/movie_search/movie_search_event.dart
DA:4,1
DA:6,0
DA:7,0
DA:13,1
DA:15,0
DA:16,0
LF:6
LH:2
end_of_record
SF:lib/presentation/bloc/movie/movie_search/movie_search_bloc.dart
DA:14,3
DA:15,1
DA:16,1
DA:17,1
DA:21,1
DA:22,1
DA:23,2
DA:25,3
DA:27,1
DA:28,1
DA:29,3
DA:31,1
DA:32,1
DA:33,2
DA:35,2
DA:44,1
DA:49,2
DA:50,1
LF:18
LH:18
end_of_record
SF:lib/presentation/bloc/tv/top_rated_tvs/top_rated_tvs_state.dart
DA:5,2
DA:7,1
DA:8,1
DA:18,2
DA:20,1
DA:21,2
DA:27,2
DA:29,1
DA:30,2
LF:9
LH:9
end_of_record
SF:lib/presentation/bloc/tv/top_rated_tvs/top_rated_tvs_cubit.dart
DA:11,3
DA:13,1
DA:14,2
DA:15,3
DA:17,1
DA:18,4
DA:19,3
LF:7
LH:7
end_of_record
SF:lib/presentation/pages/tv/top_rated_tvs_page.dart
DA:10,1
DA:11,1
DA:15,1
DA:17,1
DA:18,3
DA:21,1
DA:23,1
DA:24,1
DA:25,1
DA:27,1
DA:29,1
DA:30,1
DA:31,1
DA:32,1
DA:33,1
DA:35,1
DA:36,1
DA:37,1
DA:38,1
DA:39,1
DA:40,1
DA:42,1
DA:44,1
DA:45,1
DA:46,1
DA:47,2
DA:50,0
LF:27
LH:26
end_of_record
SF:lib/presentation/bloc/tv/now_playing_tv/now_playing_tv_state.dart
DA:5,1
DA:7,1
DA:8,1
DA:18,1
DA:20,1
DA:21,2
DA:27,1
DA:29,1
DA:30,2
LF:9
LH:9
end_of_record
SF:lib/presentation/bloc/tv/now_playing_tv/now_playing_tv_cubit.dart
DA:11,3
DA:13,1
DA:14,2
DA:16,3
DA:17,1
DA:18,4
DA:19,3
LF:7
LH:7
end_of_record
SF:lib/presentation/bloc/tv/watchlist_tv/watchlist_tv_state.dart
DA:5,1
DA:7,1
DA:8,1
DA:18,1
DA:20,1
DA:21,2
DA:27,1
DA:29,1
DA:30,2
LF:9
LH:9
end_of_record
SF:lib/presentation/bloc/tv/watchlist_tv/watchlist_tv_cubit.dart
DA:11,3
DA:13,1
DA:14,2
DA:16,3
DA:17,1
DA:18,1
DA:19,3
DA:21,1
DA:22,2
LF:9
LH:9
end_of_record
