SF:lib/data/repositories/movie_repository_impl.dart
DA:18,1
DA:24,1
DA:26,3
DA:27,5
DA:28,1
DA:29,2
DA:30,1
DA:31,2
DA:36,1
DA:38,3
DA:39,2
DA:40,1
DA:41,2
DA:42,1
DA:43,2
DA:48,1
DA:50,3
DA:51,3
DA:52,1
DA:53,2
DA:54,1
DA:55,2
DA:60,1
DA:62,3
DA:63,5
DA:64,1
DA:65,2
DA:66,1
DA:67,2
DA:72,1
DA:74,3
DA:75,5
DA:76,1
DA:77,2
DA:78,1
DA:79,2
DA:84,1
DA:86,3
DA:87,5
DA:88,1
DA:89,2
DA:90,1
DA:91,2
DA:96,1
DA:98,4
DA:99,1
DA:100,1
DA:101,3
DA:108,1
DA:110,4
DA:111,1
DA:112,1
DA:113,3
DA:118,1
DA:119,3
DA:124,1
DA:125,3
DA:126,5
LF:58
LH:58
end_of_record
SF:lib/data/datasources/movie_remote_data_source.dart
DA:22,1
DA:25,1
DA:26,5
DA:28,2
DA:29,4
DA:31,1
DA:36,1
DA:37,5
DA:39,2
DA:40,3
DA:42,1
DA:47,1
DA:48,5
DA:50,2
DA:51,4
DA:53,1
DA:58,1
DA:59,5
DA:61,2
DA:62,4
DA:64,1
DA:69,1
DA:70,5
DA:72,2
DA:73,4
DA:75,1
DA:80,1
DA:81,5
DA:83,2
DA:84,4
DA:86,1
LF:31
LH:31
end_of_record
SF:lib/domain/usecases/get_top_rated_movies.dart
DA:10,1
DA:12,1
DA:13,2
LF:3
LH:3
end_of_record
SF:lib/domain/usecases/get_movie_detail.dart
DA:10,1
DA:12,1
DA:13,2
LF:3
LH:3
end_of_record
SF:lib/domain/usecases/save_watchlist.dart
DA:10,1
DA:12,1
DA:13,2
LF:3
LH:3
end_of_record
SF:lib/domain/usecases/get_movie_recommendations.dart
DA:10,1
DA:12,1
DA:13,2
LF:3
LH:3
end_of_record
SF:lib/domain/usecases/get_watchlist_movies.dart
DA:10,1
DA:12,1
DA:13,2
LF:3
LH:3
end_of_record
SF:lib/domain/usecases/get_now_playing_movies.dart
DA:10,1
DA:12,1
DA:13,2
LF:3
LH:3
end_of_record
SF:lib/domain/usecases/remove_watchlist.dart
DA:10,1
DA:12,1
DA:13,2
LF:3
LH:3
end_of_record
SF:lib/domain/usecases/get_popular_movies.dart
DA:10,1
DA:12,1
DA:13,2
LF:3
LH:3
end_of_record
SF:lib/domain/usecases/get_watchlist_status.dart
DA:6,1
DA:8,1
DA:9,2
LF:3
LH:3
end_of_record
SF:lib/domain/usecases/search_movies.dart
DA:10,1
DA:12,1
DA:13,2
LF:3
LH:3
end_of_record
SF:lib/presentation/bloc/now_playing_movie/now_playing_movie_state.dart
DA:5,1
DA:7,1
DA:8,1
DA:18,1
DA:20,1
DA:21,2
DA:27,1
DA:29,1
DA:30,2
LF:9
LH:9
end_of_record
SF:lib/presentation/bloc/now_playing_movie/now_playing_movie_cubit.dart
DA:12,3
DA:14,1
DA:15,2
DA:17,3
DA:18,1
DA:19,4
DA:20,3
LF:7
LH:7
end_of_record
SF:lib/presentation/bloc/movie_detail/movie_detail_event.dart
DA:5,2
DA:7,0
DA:8,0
DA:14,2
DA:16,0
DA:17,0
DA:23,2
DA:25,0
DA:26,0
DA:32,1
DA:34,0
DA:35,0
LF:12
LH:4
end_of_record
SF:lib/presentation/bloc/movie_detail/movie_detail_state.dart
DA:3,7
DA:6,3
DA:20,1
DA:21,1
DA:24,1
DA:31,1
DA:32,0
DA:33,1
DA:34,1
DA:35,1
DA:36,1
DA:40,2
DA:41,2
DA:42,2
DA:43,2
DA:44,2
DA:45,2
DA:46,2
LF:18
LH:17
end_of_record
SF:lib/presentation/bloc/movie_detail/movie_detail_bloc.dart
DA:26,1
DA:32,2
DA:33,2
DA:34,2
DA:35,2
DA:38,1
DA:39,3
DA:41,4
DA:42,4
DA:43,3
DA:45,1
DA:46,1
DA:47,3
DA:49,1
DA:52,1
DA:53,3
DA:57,1
DA:58,0
DA:59,0
DA:61,0
DA:64,1
DA:65,3
DA:76,1
DA:77,4
DA:78,4
DA:80,2
DA:81,1
DA:82,3
DA:84,1
DA:88,1
DA:89,3
DA:98,1
DA:99,4
DA:100,4
DA:102,2
DA:103,1
DA:104,3
DA:106,1
DA:110,1
DA:111,3
DA:120,1
DA:121,3
LF:42
LH:39
end_of_record
SF:lib/presentation/bloc/top_rated_movies/top_rated_movies_cubit.dart
DA:12,3
DA:14,1
DA:15,2
DA:16,3
DA:18,1
DA:19,4
DA:20,3
LF:7
LH:7
end_of_record
SF:lib/presentation/bloc/top_rated_movies/top_rated_movies_state.dart
DA:5,2
DA:7,1
DA:8,1
DA:18,2
DA:20,1
DA:21,2
DA:27,2
DA:29,1
DA:30,2
LF:9
LH:9
end_of_record
SF:lib/presentation/pages/movie_detail_page.dart
DA:18,1
DA:20,1
DA:21,1
DA:25,1
DA:27,1
DA:28,6
DA:31,1
DA:33,1
DA:34,1
DA:35,2
DA:36,1
DA:37,2
DA:38,1
DA:39,1
DA:41,2
DA:42,2
DA:43,2
DA:44,1
DA:45,1
DA:46,1
DA:48,1
DA:49,1
DA:53,2
DA:54,3
DA:56,0
DA:70,1
DA:72,1
DA:74,3
DA:75,1
DA:76,1
DA:77,1
DA:78,3
DA:80,2
DA:81,1
DA:83,0
DA:85,1
DA:87,1
DA:88,1
DA:89,1
DA:90,1
DA:92,2
DA:99,1
DA:100,1
DA:101,1
DA:103,1
DA:105,1
DA:107,1
DA:108,1
DA:109,2
DA:110,1
DA:112,1
DA:113,1
DA:114,1
DA:115,4
DA:116,2
DA:117,2
DA:119,0
DA:120,0
DA:121,0
DA:124,1
DA:126,1
DA:127,3
DA:128,1
DA:132,1
DA:133,3
DA:135,1
DA:136,3
DA:138,1
DA:139,1
DA:140,1
DA:141,3
DA:143,2
DA:149,4
DA:152,1
DA:153,1
DA:155,1
DA:157,1
DA:158,2
DA:160,1
DA:161,1
DA:163,1
DA:165,1
DA:167,1
DA:169,0
DA:170,0
DA:171,0
DA:173,0
DA:174,0
DA:175,0
DA:178,0
DA:181,0
DA:182,0
DA:183,0
DA:185,0
DA:186,0
DA:187,0
DA:188,0
DA:190,0
DA:196,2
DA:203,1
DA:205,1
DA:218,1
DA:220,1
DA:223,1
DA:224,1
DA:225,0
DA:226,0
DA:235,1
DA:237,2
DA:238,3
DA:241,1
DA:245,3
DA:248,1
DA:249,1
DA:250,1
DA:252,1
DA:253,1
DA:255,0
LF:118
LH:95
end_of_record
SF:lib/presentation/pages/top_rated_movies_page.dart
DA:11,1
DA:12,1
DA:16,1
DA:18,1
DA:19,3
DA:22,1
DA:24,1
DA:25,1
DA:26,1
DA:28,1
DA:30,1
DA:31,1
DA:32,1
DA:33,1
DA:34,1
DA:36,1
DA:37,1
DA:38,1
DA:39,1
DA:40,1
DA:41,1
DA:43,1
DA:45,1
DA:46,1
DA:47,1
DA:48,2
DA:51,0
LF:27
LH:26
end_of_record
SF:lib/presentation/widgets/movie_card_list.dart
DA:12,2
DA:14,2
DA:16,2
DA:18,2
DA:19,0
DA:20,0
DA:23,0
DA:26,2
DA:28,2
DA:29,2
DA:30,2
DA:36,2
DA:38,2
DA:39,2
DA:40,4
DA:43,2
DA:45,2
DA:46,2
DA:47,4
DA:55,2
DA:60,2
DA:61,2
DA:62,6
DA:64,4
DA:65,2
DA:67,0
DA:69,4
LF:27
LH:23
end_of_record
SF:lib/presentation/bloc/movie_search/movie_search_state.dart
DA:5,1
DA:7,1
DA:8,1
DA:20,1
DA:22,1
DA:23,2
DA:29,1
DA:31,1
DA:32,2
LF:9
LH:9
end_of_record
SF:lib/presentation/bloc/movie_search/movie_search_event.dart
DA:4,1
DA:6,0
DA:7,0
DA:13,1
DA:15,0
DA:16,0
LF:6
LH:2
end_of_record
SF:lib/presentation/bloc/movie_search/movie_search_bloc.dart
DA:15,3
DA:16,1
DA:17,1
DA:18,1
DA:22,1
DA:23,1
DA:24,2
DA:26,3
DA:28,1
DA:29,1
DA:30,3
DA:32,1
DA:33,1
DA:34,2
DA:36,2
DA:45,1
DA:50,2
DA:51,1
LF:18
LH:18
end_of_record
SF:lib/presentation/bloc/wathclist_movie/watchlist_movies_state.dart
DA:5,1
DA:7,1
DA:8,1
DA:18,1
DA:20,1
DA:21,2
DA:27,1
DA:29,1
DA:30,2
LF:9
LH:9
end_of_record
SF:lib/presentation/bloc/wathclist_movie/watchlist_movies_cubit.dart
DA:12,3
DA:14,1
DA:15,2
DA:17,3
DA:18,1
DA:19,1
DA:20,3
DA:22,1
DA:23,2
LF:9
LH:9
end_of_record
SF:lib/presentation/bloc/popular_movies/popular_movies_state.dart
DA:5,2
DA:7,1
DA:8,1
DA:18,2
DA:20,1
DA:21,2
DA:27,2
DA:29,1
DA:30,2
LF:9
LH:9
end_of_record
SF:lib/presentation/bloc/popular_movies/popular_movies_cubit.dart
DA:12,3
DA:14,1
DA:15,2
DA:16,3
DA:18,1
DA:19,4
DA:20,3
LF:7
LH:7
end_of_record
SF:lib/presentation/pages/popular_movies_page.dart
DA:11,1
DA:12,1
DA:16,1
DA:18,1
DA:19,3
DA:22,1
DA:24,1
DA:25,1
DA:26,1
DA:28,1
DA:30,1
DA:31,1
DA:32,1
DA:33,1
DA:34,1
DA:36,1
DA:37,1
DA:38,1
DA:39,1
DA:40,1
DA:41,1
DA:43,1
DA:45,1
DA:46,1
DA:47,1
DA:48,2
DA:51,0
LF:27
LH:26
end_of_record
