SF:lib/domain/usecases/get_tv_season_detail.dart
DA:9,1
DA:11,1
DA:12,2
LF:3
LH:3
end_of_record
SF:lib/data/datasources/tv_remote_data_source.dart
DA:24,1
DA:27,1
DA:28,5
DA:29,2
DA:30,4
DA:32,1
DA:37,1
DA:38,5
DA:39,2
DA:40,3
DA:42,1
DA:47,1
DA:48,5
DA:49,2
DA:50,4
DA:52,1
DA:57,1
DA:58,5
DA:59,2
DA:60,4
DA:62,1
DA:67,1
DA:68,5
DA:69,2
DA:70,4
DA:72,1
DA:77,1
DA:78,5
DA:79,2
DA:80,4
DA:82,1
DA:87,1
DA:88,5
DA:89,2
DA:90,3
DA:92,1
LF:36
LH:36
end_of_record
SF:lib/domain/usecases/get_now_playing_tvs.dart
DA:9,1
DA:11,1
DA:12,2
LF:3
LH:3
end_of_record
SF:lib/domain/usecases/get_popular_tvs.dart
DA:9,1
DA:11,1
DA:12,2
LF:3
LH:3
end_of_record
SF:lib/domain/usecases/get_top_rated_tvs.dart
DA:9,1
DA:11,1
DA:12,2
LF:3
LH:3
end_of_record
SF:lib/data/repositories/tv_repository_impl.dart
DA:18,1
DA:24,1
DA:26,3
DA:27,5
DA:28,1
DA:29,2
DA:30,1
DA:31,2
DA:36,1
DA:38,3
DA:39,2
DA:40,1
DA:41,2
DA:42,1
DA:43,2
DA:48,1
DA:50,3
DA:51,3
DA:52,1
DA:53,2
DA:54,1
DA:55,2
DA:60,1
DA:62,3
DA:63,5
DA:64,1
DA:65,2
DA:66,1
DA:67,2
DA:72,1
DA:74,3
DA:75,5
DA:76,1
DA:77,2
DA:78,1
DA:79,2
DA:84,1
DA:86,3
DA:87,5
DA:88,1
DA:89,2
DA:90,1
DA:91,2
DA:96,1
DA:98,4
DA:99,1
DA:100,1
DA:101,3
DA:108,1
DA:110,4
DA:111,1
DA:112,1
DA:113,3
DA:118,1
DA:119,3
DA:124,1
DA:125,3
DA:126,5
DA:130,1
DA:135,3
DA:136,2
DA:137,1
DA:138,2
DA:139,1
DA:140,2
LF:65
LH:65
end_of_record
SF:lib/domain/usecases/search_tvs.dart
DA:9,1
DA:11,1
DA:12,2
LF:3
LH:3
end_of_record
SF:lib/domain/usecases/get_tv_recommendations.dart
DA:9,1
DA:11,1
DA:12,2
LF:3
LH:3
end_of_record
SF:lib/domain/usecases/get_tvs_watchlist.dart
DA:9,1
DA:11,1
DA:12,2
LF:3
LH:3
end_of_record
SF:lib/domain/usecases/save_tv_watchlist.dart
DA:9,1
DA:11,1
DA:12,2
LF:3
LH:3
end_of_record
SF:lib/domain/usecases/remove_tv_watchlist.dart
DA:9,1
DA:11,1
DA:12,2
LF:3
LH:3
end_of_record
SF:lib/domain/usecases/get_tv_watchlist_status.dart
DA:6,1
DA:8,1
DA:9,2
LF:3
LH:3
end_of_record
SF:lib/domain/usecases/get_tv_detail.dart
DA:9,1
DA:11,1
DA:12,2
LF:3
LH:3
end_of_record
SF:lib/presentation/bloc/popular_tvs/popular_tvs_state.dart
DA:5,2
DA:7,1
DA:8,1
DA:18,2
DA:20,1
DA:21,2
DA:27,2
DA:29,1
DA:30,2
LF:9
LH:9
end_of_record
SF:lib/presentation/bloc/popular_tvs/popular_tvs_cubit.dart
DA:11,3
DA:13,1
DA:14,2
DA:15,3
DA:17,1
DA:18,4
DA:19,3
LF:7
LH:7
end_of_record
SF:lib/presentation/bloc/tv_detail/tv_detail_event.dart
DA:5,2
DA:7,0
DA:8,0
DA:14,2
DA:16,0
DA:17,0
DA:23,2
DA:25,0
DA:26,0
DA:32,1
DA:34,0
DA:35,0
LF:12
LH:4
end_of_record
SF:lib/presentation/bloc/tv_detail/tv_detail_state.dart
DA:3,9
DA:6,3
DA:20,1
DA:21,1
DA:24,1
DA:31,1
DA:32,0
DA:33,1
DA:34,1
DA:35,1
DA:36,1
DA:40,1
DA:41,1
DA:42,1
DA:43,1
DA:44,1
DA:45,1
DA:46,1
LF:18
LH:17
end_of_record
SF:lib/presentation/bloc/tv_detail/tv_detail_bloc.dart
DA:25,1
DA:31,2
DA:32,2
DA:33,2
DA:34,2
DA:37,1
DA:38,3
DA:40,4
DA:41,4
DA:42,3
DA:43,1
DA:44,1
DA:45,3
DA:47,1
DA:50,1
DA:51,3
DA:55,1
DA:56,0
DA:57,0
DA:59,0
DA:62,1
DA:63,3
DA:74,1
DA:75,4
DA:76,4
DA:78,2
DA:79,1
DA:80,4
DA:82,1
DA:83,3
DA:88,1
DA:89,4
DA:90,4
DA:92,2
DA:93,1
DA:94,4
DA:96,1
DA:97,3
DA:102,1
DA:103,3
LF:40
LH:37
end_of_record
SF:lib/presentation/bloc/tv_season_detail/tv_season_detail_state.dart
DA:5,2
DA:7,1
DA:8,1
DA:18,2
DA:20,1
DA:21,2
DA:27,2
DA:29,1
DA:30,2
LF:9
LH:9
end_of_record
SF:lib/presentation/bloc/tv_season_detail/tv_season_detail_cubit.dart
DA:11,3
DA:13,1
DA:14,2
DA:16,3
DA:18,1
DA:19,1
DA:20,3
DA:22,1
DA:23,2
LF:9
LH:9
end_of_record
SF:lib/presentation/pages/tv_detail_page.dart
DA:18,1
DA:20,1
DA:21,1
DA:25,1
DA:27,1
DA:28,6
DA:31,1
DA:33,1
DA:34,1
DA:35,1
DA:36,4
DA:37,1
DA:38,1
DA:40,2
DA:41,2
DA:42,2
DA:43,1
DA:44,1
DA:45,1
DA:47,1
DA:48,1
DA:53,4
DA:66,1
DA:68,1
DA:70,3
DA:71,1
DA:72,1
DA:73,1
DA:74,3
DA:76,2
DA:77,1
DA:79,0
DA:81,1
DA:83,1
DA:84,1
DA:85,1
DA:86,1
DA:88,2
DA:95,1
DA:96,1
DA:97,1
DA:99,1
DA:101,1
DA:103,1
DA:104,1
DA:105,2
DA:106,1
DA:108,1
DA:109,1
DA:110,1
DA:111,4
DA:112,1
DA:113,3
DA:115,0
DA:116,0
DA:117,0
DA:120,1
DA:122,1
DA:123,3
DA:124,1
DA:128,1
DA:129,3
DA:131,1
DA:132,1
DA:133,1
DA:134,1
DA:135,3
DA:137,2
DA:143,4
DA:146,1
DA:147,1
DA:149,1
DA:151,1
DA:152,2
DA:154,1
DA:155,1
DA:157,1
DA:159,1
DA:160,1
DA:161,1
DA:163,1
DA:165,1
DA:170,1
DA:172,1
DA:185,1
DA:187,1
DA:190,1
DA:191,1
DA:192,0
DA:193,0
DA:202,1
DA:203,1
DA:205,1
DA:207,1
DA:208,3
DA:209,1
DA:211,1
DA:212,0
DA:213,0
DA:216,0
DA:217,0
DA:218,0
DA:222,1
DA:223,1
DA:224,1
DA:226,1
DA:227,1
DA:228,1
DA:229,1
DA:230,2
DA:231,2
DA:232,1
DA:234,0
DA:238,0
DA:242,0
DA:246,0
DA:248,1
DA:249,1
DA:250,1
DA:252,1
DA:255,1
DA:256,1
DA:259,1
DA:264,1
DA:268,1
DA:269,2
DA:271,1
DA:283,3
DA:288,1
DA:289,1
DA:291,1
DA:293,0
DA:294,0
DA:295,0
DA:297,0
DA:298,0
DA:299,0
DA:302,0
DA:305,0
DA:306,0
DA:307,0
DA:309,0
DA:310,0
DA:311,0
DA:312,0
DA:314,0
DA:320,2
DA:325,1
DA:327,2
DA:328,3
DA:331,1
DA:335,3
LF:152
LH:122
end_of_record
SF:lib/presentation/pages/tv_season_detail_page.dart
DA:16,1
DA:21,1
DA:22,1
DA:26,1
DA:28,1
DA:29,7
DA:32,1
DA:34,1
DA:35,1
DA:36,1
DA:37,1
DA:38,1
DA:39,1
DA:40,1
DA:42,1
DA:43,1
DA:44,1
DA:45,1
DA:46,1
DA:47,1
DA:48,2
DA:51,0
DA:61,1
DA:64,1
DA:68,1
DA:70,3
DA:72,1
DA:73,1
DA:74,2
DA:75,1
DA:76,3
DA:78,2
DA:79,1
DA:81,0
DA:84,0
DA:85,1
DA:87,1
DA:88,1
DA:89,1
DA:90,1
DA:92,2
DA:99,1
DA:100,1
DA:101,1
DA:103,1
DA:105,1
DA:107,1
DA:108,1
DA:109,2
DA:110,1
DA:112,1
DA:113,1
DA:114,3
DA:116,1
DA:117,1
DA:118,3
DA:119,1
DA:126,1
DA:128,1
DA:141,1
DA:143,1
DA:146,1
DA:147,1
DA:148,0
DA:149,0
LF:65
LH:60
end_of_record
SF:lib/presentation/widgets/episode_card_list.dart
DA:10,1
DA:12,1
DA:14,1
DA:17,1
DA:18,2
DA:19,1
DA:20,1
DA:21,3
DA:23,2
DA:27,1
DA:29,1
DA:31,1
DA:33,1
DA:34,1
DA:35,2
DA:38,1
DA:40,1
DA:41,1
DA:42,1
DA:43,5
DA:45,2
DA:51,4
DA:54,1
DA:55,1
DA:56,2
DA:60,1
DA:61,1
DA:63,1
DA:64,3
DA:67,1
LF:30
LH:30
end_of_record
SF:lib/presentation/pages/popular_tvs_page.dart
DA:10,1
DA:11,1
DA:15,1
DA:17,1
DA:18,3
DA:21,1
DA:23,1
DA:24,1
DA:25,1
DA:27,1
DA:29,1
DA:30,1
DA:31,1
DA:32,1
DA:33,1
DA:35,1
DA:36,1
DA:37,1
DA:38,1
DA:39,1
DA:40,1
DA:42,1
DA:44,1
DA:45,1
DA:46,1
DA:47,2
DA:50,0
LF:27
LH:26
end_of_record
SF:lib/presentation/widgets/tv_card_list.dart
DA:11,2
DA:13,2
DA:15,2
DA:17,2
DA:18,0
DA:19,0
DA:22,0
DA:25,2
DA:27,2
DA:28,2
DA:29,2
DA:35,2
DA:37,2
DA:38,2
DA:39,4
DA:42,2
DA:44,2
DA:45,2
DA:46,4
DA:54,2
DA:59,2
DA:60,2
DA:61,6
DA:63,4
DA:64,2
DA:66,0
DA:68,4
LF:27
LH:23
end_of_record
SF:lib/presentation/bloc/top_rated_tvs/top_rated_tvs_state.dart
DA:5,2
DA:7,1
DA:8,1
DA:18,2
DA:20,1
DA:21,2
DA:27,2
DA:29,1
DA:30,2
LF:9
LH:9
end_of_record
SF:lib/presentation/bloc/top_rated_tvs/top_rated_tvs_cubit.dart
DA:11,3
DA:13,1
DA:14,2
DA:15,3
DA:17,1
DA:18,4
DA:19,3
LF:7
LH:7
end_of_record
SF:lib/presentation/pages/top_rated_tvs_page.dart
DA:10,1
DA:11,1
DA:15,1
DA:17,1
DA:18,3
DA:21,1
DA:23,1
DA:24,1
DA:25,1
DA:27,1
DA:29,1
DA:30,1
DA:31,1
DA:32,1
DA:33,1
DA:35,1
DA:36,1
DA:37,1
DA:38,1
DA:39,1
DA:40,1
DA:42,1
DA:44,1
DA:45,1
DA:46,1
DA:47,2
DA:50,0
LF:27
LH:26
end_of_record
SF:lib/presentation/bloc/now_playing_tv/now_playing_tv_state.dart
DA:5,1
DA:7,1
DA:8,1
DA:18,1
DA:20,1
DA:21,2
DA:27,1
DA:29,1
DA:30,2
LF:9
LH:9
end_of_record
SF:lib/presentation/bloc/now_playing_tv/now_playing_tv_cubit.dart
DA:11,3
DA:13,1
DA:14,2
DA:16,3
DA:17,1
DA:18,4
DA:19,3
LF:7
LH:7
end_of_record
SF:lib/presentation/bloc/tv_search/tv_search_state.dart
DA:5,1
DA:7,1
DA:8,1
DA:20,1
DA:22,1
DA:23,2
DA:29,1
DA:31,1
DA:32,2
LF:9
LH:9
end_of_record
SF:lib/presentation/bloc/tv_search/tv_search_event.dart
DA:5,1
DA:7,0
DA:8,0
DA:14,1
DA:16,0
DA:17,0
LF:6
LH:2
end_of_record
SF:lib/presentation/bloc/tv_search/tv_search_bloc.dart
DA:14,3
DA:15,1
DA:16,1
DA:17,1
DA:21,1
DA:22,1
DA:23,2
DA:25,3
DA:27,1
DA:28,1
DA:29,3
DA:31,1
DA:32,1
DA:33,2
DA:35,2
DA:44,1
DA:49,2
DA:50,1
LF:18
LH:18
end_of_record
SF:lib/presentation/bloc/watchlist_tv/watchlist_tv_state.dart
DA:5,1
DA:7,1
DA:8,1
DA:18,1
DA:20,1
DA:21,2
DA:27,1
DA:29,1
DA:30,2
LF:9
LH:9
end_of_record
SF:lib/presentation/bloc/watchlist_tv/watchlist_tv_cubit.dart
DA:11,3
DA:13,1
DA:14,2
DA:16,3
DA:17,1
DA:18,1
DA:19,3
DA:21,1
DA:22,2
LF:9
LH:9
end_of_record
